  Application.cpp
  Camera.cpp
  RHI.cpp
  CommandBuffer.cpp
  CommandPool.cpp
  DescriptorPool.cpp
  DescriptorSet.cpp
  GLM: GLM_GTX_hash extension included
  Framebuffer.cpp
  GraphicPipeline.cpp
  ImageView.cpp
  IndexBuffer.cpp
  LogicalDevice.cpp
  PhysicalDevice.cpp
  Surface.cpp
  Swapchain.cpp
  SyncObject.cpp
  TextureImage.cpp
  UniformBuffer.cpp
  GLM: GLM_GTX_hash extension included
  ValidationLayers.cpp
  VertexBuffer.cpp
  Génération de code en cours...
  Compilation en cours...
  VulkanInstance.cpp
  Window.cpp
  main.cpp
  Génération de code en cours...
  Vulkan_Benattia_Gebril.vcxproj -> C:\Users\g.benattia\Desktop\Vulkan_Benattia_Gebril\x64\Debug\Vulkan_Benattia_Gebril.exe
